# JRE version: OpenJDK Runtime Environment (16.0.1+9) (build 16.0.1+9-24)
# Java VM: OpenJDK 64-Bit Server VM (16.0.1+9-24, mixed mode, sharing, tiered, compressed oops, compressed class ptrs, parallel gc, linux-amd64)
GC Precious Log:
 CPUs: 4 total, 4 available
 Memory: 24052M
 Large Page Support: Disabled
 NUMA Support: Disabled
 Compressed Oops: Enabled (32-bit)
 Alignments: Space 512K, Generation 512K, Heap 2M
 Heap Min Capacity: 100M
 Heap Initial Capacity: 100M
 Heap Max Capacity: 1G
 Pre-touch: Disabled
 Parallel Workers: 4
Heap:
 PSYoungGen      total 45568K, used 5615K [0x00000000eab00000, 0x00000000ef000000, 0x0000000100000000)
  eden space 39936K, 0% used [0x00000000eab00000,0x00000000eab00000,0x00000000ed200000)
  from space 5632K, 99% used [0x00000000edf00000,0x00000000ee47bc88,0x00000000ee480000)
  to   space 13312K, 0% used [0x00000000ed200000,0x00000000ed200000,0x00000000edf00000)
 ParOldGen       total 325120K, used 321987K [0x00000000c0000000, 0x00000000d3d80000, 0x00000000eab00000)
  object space 325120K, 99% used [0x00000000c0000000,0x00000000d3a70ff0,0x00000000d3d80000)
 Metaspace       used 76289K, committed 77312K, reserved 1122304K
  class space    used 8734K, committed 9216K, reserved 1048576K
GC Heap History (20 events):
Event: 2277.679 GC heap after
{Heap after GC invocations=148 (full 11):
 PSYoungGen      total 57344K, used 8157K [0x00000000eab00000, 0x00000000eec00000, 0x0000000100000000)
  eden space 49152K, 0% used [0x00000000eab00000,0x00000000eab00000,0x00000000edb00000)
  from space 8192K, 99% used [0x00000000ee000000,0x00000000ee7f7638,0x00000000ee800000)
  to   space 4096K, 0% used [0x00000000ee800000,0x00000000ee800000,0x00000000eec00000)
 ParOldGen       total 325120K, used 297020K [0x00000000c0000000, 0x00000000d3d80000, 0x00000000eab00000)
  object space 325120K, 91% used [0x00000000c0000000,0x00000000d220f268,0x00000000d3d80000)
 Metaspace       used 73599K, committed 74688K, reserved 1122304K
  class space    used 8605K, committed 9088K, reserved 1048576K
}
Event: 2398.832 GC heap before
{Heap before GC invocations=149 (full 11):
 PSYoungGen      total 57344K, used 57179K [0x00000000eab00000, 0x00000000eec00000, 0x0000000100000000)
  eden space 49152K, 99% used [0x00000000eab00000,0x00000000edadf890,0x00000000edb00000)
  from space 8192K, 99% used [0x00000000ee000000,0x00000000ee7f7638,0x00000000ee800000)
  to   space 4096K, 0% used [0x00000000ee800000,0x00000000ee800000,0x00000000eec00000)
 ParOldGen       total 325120K, used 297020K [0x00000000c0000000, 0x00000000d3d80000, 0x00000000eab00000)
  object space 325120K, 91% used [0x00000000c0000000,0x00000000d220f268,0x00000000d3d80000)
 Metaspace       used 74152K, committed 75200K, reserved 1122304K
  class space    used 8635K, committed 9152K, reserved 1048576K
}
Event: 2398.843 GC heap after
{Heap after GC invocations=149 (full 11):
 PSYoungGen      total 52736K, used 4094K [0x00000000eab00000, 0x00000000ef380000, 0x0000000100000000)
  eden space 48640K, 0% used [0x00000000eab00000,0x00000000eab00000,0x00000000eda80000)
  from space 4096K, 99% used [0x00000000ee800000,0x00000000eebff910,0x00000000eec00000)
  to   space 12800K, 0% used [0x00000000eda80000,0x00000000eda80000,0x00000000ee700000)
 ParOldGen       total 325120K, used 304880K [0x00000000c0000000, 0x00000000d3d80000, 0x00000000eab00000)
  object space 325120K, 93% used [0x00000000c0000000,0x00000000d29bc098,0x00000000d3d80000)
 Metaspace       used 74152K, committed 75200K, reserved 1122304K
  class space    used 8635K, committed 9152K, reserved 1048576K
}
Event: 2810.087 GC heap before
{Heap before GC invocations=150 (full 11):
 PSYoungGen      total 52736K, used 52734K [0x00000000eab00000, 0x00000000ef380000, 0x0000000100000000)
  eden space 48640K, 100% used [0x00000000eab00000,0x00000000eda80000,0x00000000eda80000)
  from space 4096K, 99% used [0x00000000ee800000,0x00000000eebff910,0x00000000eec00000)
  to   space 12800K, 0% used [0x00000000eda80000,0x00000000eda80000,0x00000000ee700000)
 ParOldGen       total 325120K, used 304880K [0x00000000c0000000, 0x00000000d3d80000, 0x00000000eab00000)
  object space 325120K, 93% used [0x00000000c0000000,0x00000000d29bc098,0x00000000d3d80000)
 Metaspace       used 74351K, committed 75456K, reserved 1122304K
  class space    used 8637K, committed 9152K, reserved 1048576K
}
Event: 2810.094 GC heap after
{Heap after GC invocations=150 (full 11):
 PSYoungGen      total 49664K, used 1524K [0x00000000eab00000, 0x00000000ee880000, 0x0000000100000000)
  eden space 48128K, 0% used [0x00000000eab00000,0x00000000eab00000,0x00000000eda00000)
  from space 1536K, 99% used [0x00000000eda80000,0x00000000edbfd200,0x00000000edc00000)
  to   space 5632K, 0% used [0x00000000ee300000,0x00000000ee300000,0x00000000ee880000)
 ParOldGen       total 325120K, used 305288K [0x00000000c0000000, 0x00000000d3d80000, 0x00000000eab00000)
  object space 325120K, 93% used [0x00000000c0000000,0x00000000d2a22098,0x00000000d3d80000)
 Metaspace       used 74351K, committed 75456K, reserved 1122304K
  class space    used 8637K, committed 9152K, reserved 1048576K
}
Event: 3064.164 GC heap before
{Heap before GC invocations=151 (full 11):
 PSYoungGen      total 49664K, used 49645K [0x00000000eab00000, 0x00000000ee880000, 0x0000000100000000)
  eden space 48128K, 99% used [0x00000000eab00000,0x00000000ed9fe4d8,0x00000000eda00000)
  from space 1536K, 99% used [0x00000000eda80000,0x00000000edbfd200,0x00000000edc00000)
  to   space 5632K, 0% used [0x00000000ee300000,0x00000000ee300000,0x00000000ee880000)
 ParOldGen       total 325120K, used 305288K [0x00000000c0000000, 0x00000000d3d80000, 0x00000000eab00000)
  object space 325120K, 93% used [0x00000000c0000000,0x00000000d2a22098,0x00000000d3d80000)
 Metaspace       used 74609K, committed 75648K, reserved 1122304K
  class space    used 8637K, committed 9152K, reserved 1048576K
}
Event: 3064.172 GC heap after
{Heap after GC invocations=151 (full 11):
 PSYoungGen      total 50176K, used 2370K [0x00000000eab00000, 0x00000000ee580000, 0x0000000100000000)
  eden space 47616K, 0% used [0x00000000eab00000,0x00000000eab00000,0x00000000ed980000)
  from space 2560K, 92% used [0x00000000ee300000,0x00000000ee550ab8,0x00000000ee580000)
  to   space 3072K, 0% used [0x00000000edf80000,0x00000000edf80000,0x00000000ee280000)
 ParOldGen       total 325120K, used 305296K [0x00000000c0000000, 0x00000000d3d80000, 0x00000000eab00000)
  object space 325120K, 93% used [0x00000000c0000000,0x00000000d2a24098,0x00000000d3d80000)
 Metaspace       used 74609K, committed 75648K, reserved 1122304K
  class space    used 8637K, committed 9152K, reserved 1048576K
}
Event: 3321.066 GC heap before
{Heap before GC invocations=152 (full 11):
 PSYoungGen      total 50176K, used 48934K [0x00000000eab00000, 0x00000000ee580000, 0x0000000100000000)
  eden space 47616K, 97% used [0x00000000eab00000,0x00000000ed878ec8,0x00000000ed980000)
  from space 2560K, 92% used [0x00000000ee300000,0x00000000ee550ab8,0x00000000ee580000)
  to   space 3072K, 0% used [0x00000000edf80000,0x00000000edf80000,0x00000000ee280000)
 ParOldGen       total 325120K, used 305296K [0x00000000c0000000, 0x00000000d3d80000, 0x00000000eab00000)
  object space 325120K, 93% used [0x00000000c0000000,0x00000000d2a24098,0x00000000d3d80000)
 Metaspace       used 74758K, committed 75840K, reserved 1122304K
  class space    used 8638K, committed 9152K, reserved 1048576K
}
Event: 3321.073 GC heap after
{Heap after GC invocations=152 (full 11):
 PSYoungGen      total 50176K, used 3059K [0x00000000eab00000, 0x00000000ee400000, 0x0000000100000000)
  eden space 47104K, 0% used [0x00000000eab00000,0x00000000eab00000,0x00000000ed900000)
  from space 3072K, 99% used [0x00000000edf80000,0x00000000ee27cc60,0x00000000ee280000)
  to   space 1536K, 0% used [0x00000000ee280000,0x00000000ee280000,0x00000000ee400000)
 ParOldGen       total 325120K, used 307230K [0x00000000c0000000, 0x00000000d3d80000, 0x00000000eab00000)
  object space 325120K, 94% used [0x00000000c0000000,0x00000000d2c07b70,0x00000000d3d80000)
 Metaspace       used 74758K, committed 75840K, reserved 1122304K
  class space    used 8638K, committed 9152K, reserved 1048576K
}
Event: 3648.908 GC heap before
{Heap before GC invocations=153 (full 11):
 PSYoungGen      total 50176K, used 50163K [0x00000000eab00000, 0x00000000ee400000, 0x0000000100000000)
  eden space 47104K, 100% used [0x00000000eab00000,0x00000000ed900000,0x00000000ed900000)
  from space 3072K, 99% used [0x00000000edf80000,0x00000000ee27cc60,0x00000000ee280000)
  to   space 1536K, 0% used [0x00000000ee280000,0x00000000ee280000,0x00000000ee400000)
 ParOldGen       total 325120K, used 307230K [0x00000000c0000000, 0x00000000d3d80000, 0x00000000eab00000)
  object space 325120K, 94% used [0x00000000c0000000,0x00000000d2c07b70,0x00000000d3d80000)
 Metaspace       used 74952K, committed 76096K, reserved 1122304K
  class space    used 8640K, committed 9152K, reserved 1048576K
}
Event: 3648.926 GC heap after
{Heap after GC invocations=153 (full 11):
 PSYoungGen      total 47616K, used 1531K [0x00000000eab00000, 0x00000000eed80000, 0x0000000100000000)
  eden space 46080K, 0% used [0x00000000eab00000,0x00000000eab00000,0x00000000ed800000)
  from space 1536K, 99% used [0x00000000ee280000,0x00000000ee3fefd0,0x00000000ee400000)
  to   space 10752K, 0% used [0x00000000ed800000,0x00000000ed800000,0x00000000ee280000)
 ParOldGen       total 325120K, used 315415K [0x00000000c0000000, 0x00000000d3d80000, 0x00000000eab00000)
  object space 325120K, 97% used [0x00000000c0000000,0x00000000d3405d20,0x00000000d3d80000)
 Metaspace       used 74952K, committed 76096K, reserved 1122304K
  class space    used 8640K, committed 9152K, reserved 1048576K
}
Event: 4685.644 GC heap before
{Heap before GC invocations=154 (full 11):
 PSYoungGen      total 47616K, used 47611K [0x00000000eab00000, 0x00000000eed80000, 0x0000000100000000)
  eden space 46080K, 100% used [0x00000000eab00000,0x00000000ed800000,0x00000000ed800000)
  from space 1536K, 99% used [0x00000000ee280000,0x00000000ee3fefd0,0x00000000ee400000)
  to   space 10752K, 0% used [0x00000000ed800000,0x00000000ed800000,0x00000000ee280000)
 ParOldGen       total 325120K, used 315415K [0x00000000c0000000, 0x00000000d3d80000, 0x00000000eab00000)
  object space 325120K, 97% used [0x00000000c0000000,0x00000000d3405d20,0x00000000d3d80000)
 Metaspace       used 75265K, committed 76352K, reserved 1122304K
  class space    used 8659K, committed 9152K, reserved 1048576K
}
Event: 4685.650 GC heap after
{Heap after GC invocations=154 (full 11):
 PSYoungGen      total 53248K, used 7500K [0x00000000eab00000, 0x00000000ee880000, 0x0000000100000000)
  eden space 45568K, 0% used [0x00000000eab00000,0x00000000eab00000,0x00000000ed780000)
  from space 7680K, 97% used [0x00000000ed800000,0x00000000edf532f8,0x00000000edf80000)
  to   space 8704K, 0% used [0x00000000ee000000,0x00000000ee000000,0x00000000ee880000)
 ParOldGen       total 325120K, used 315591K [0x00000000c0000000, 0x00000000d3d80000, 0x00000000eab00000)
  object space 325120K, 97% used [0x00000000c0000000,0x00000000d3431d20,0x00000000d3d80000)
 Metaspace       used 75265K, committed 76352K, reserved 1122304K
  class space    used 8659K, committed 9152K, reserved 1048576K
}
Event: 5277.668 GC heap before
{Heap before GC invocations=155 (full 11):
 PSYoungGen      total 53248K, used 53068K [0x00000000eab00000, 0x00000000ee880000, 0x0000000100000000)
  eden space 45568K, 100% used [0x00000000eab00000,0x00000000ed780000,0x00000000ed780000)
  from space 7680K, 97% used [0x00000000ed800000,0x00000000edf532f8,0x00000000edf80000)
  to   space 8704K, 0% used [0x00000000ee000000,0x00000000ee000000,0x00000000ee880000)
 ParOldGen       total 325120K, used 315591K [0x00000000c0000000, 0x00000000d3d80000, 0x00000000eab00000)
  object space 325120K, 97% used [0x00000000c0000000,0x00000000d3431d20,0x00000000d3d80000)
 Metaspace       used 75957K, committed 76992K, reserved 1122304K
  class space    used 8725K, committed 9216K, reserved 1048576K
}
Event: 5277.674 GC heap after
{Heap after GC invocations=155 (full 11):
 PSYoungGen      total 50688K, used 5442K [0x00000000eab00000, 0x00000000ee580000, 0x0000000100000000)
  eden space 45056K, 0% used [0x00000000eab00000,0x00000000eab00000,0x00000000ed700000)
  from space 5632K, 96% used [0x00000000ee000000,0x00000000ee5508d0,0x00000000ee580000)
  to   space 6656K, 0% used [0x00000000ed880000,0x00000000ed880000,0x00000000edf00000)
 ParOldGen       total 325120K, used 315599K [0x00000000c0000000, 0x00000000d3d80000, 0x00000000eab00000)
  object space 325120K, 97% used [0x00000000c0000000,0x00000000d3433d20,0x00000000d3d80000)
 Metaspace       used 75957K, committed 76992K, reserved 1122304K
  class space    used 8725K, committed 9216K, reserved 1048576K
}
Event: 6146.787 GC heap before
{Heap before GC invocations=156 (full 11):
 PSYoungGen      total 50688K, used 50498K [0x00000000eab00000, 0x00000000ee580000, 0x0000000100000000)
  eden space 45056K, 100% used [0x00000000eab00000,0x00000000ed700000,0x00000000ed700000)
  from space 5632K, 96% used [0x00000000ee000000,0x00000000ee5508d0,0x00000000ee580000)
  to   space 6656K, 0% used [0x00000000ed880000,0x00000000ed880000,0x00000000edf00000)
 ParOldGen       total 325120K, used 315599K [0x00000000c0000000, 0x00000000d3d80000, 0x00000000eab00000)
  object space 325120K, 97% used [0x00000000c0000000,0x00000000d3433d20,0x00000000d3d80000)
 Metaspace       used 76084K, committed 77184K, reserved 1122304K
  class space    used 8730K, committed 9216K, reserved 1048576K
}
Event: 6146.798 GC heap after
{Heap after GC invocations=156 (full 11):
 PSYoungGen      total 51200K, used 6644K [0x00000000eab00000, 0x00000000ee480000, 0x0000000100000000)
  eden space 44544K, 0% used [0x00000000eab00000,0x00000000eab00000,0x00000000ed680000)
  from space 6656K, 99% used [0x00000000ed880000,0x00000000edefd0d0,0x00000000edf00000)
  to   space 5632K, 0% used [0x00000000edf00000,0x00000000edf00000,0x00000000ee480000)
 ParOldGen       total 325120K, used 315599K [0x00000000c0000000, 0x00000000d3d80000, 0x00000000eab00000)
  object space 325120K, 97% used [0x00000000c0000000,0x00000000d3433d20,0x00000000d3d80000)
 Metaspace       used 76084K, committed 77184K, reserved 1122304K
  class space    used 8730K, committed 9216K, reserved 1048576K
}
Event: 6172.525 GC heap before
{Heap before GC invocations=157 (full 11):
 PSYoungGen      total 51200K, used 51188K [0x00000000eab00000, 0x00000000ee480000, 0x0000000100000000)
  eden space 44544K, 100% used [0x00000000eab00000,0x00000000ed680000,0x00000000ed680000)
  from space 6656K, 99% used [0x00000000ed880000,0x00000000edefd0d0,0x00000000edf00000)
  to   space 5632K, 0% used [0x00000000edf00000,0x00000000edf00000,0x00000000ee480000)
 ParOldGen       total 325120K, used 315599K [0x00000000c0000000, 0x00000000d3d80000, 0x00000000eab00000)
  object space 325120K, 97% used [0x00000000c0000000,0x00000000d3433d20,0x00000000d3d80000)
 Metaspace       used 76289K, committed 77312K, reserved 1122304K
  class space    used 8734K, committed 9216K, reserved 1048576K
}
Event: 6172.534 GC heap after
{Heap after GC invocations=157 (full 11):
 PSYoungGen      total 45568K, used 5615K [0x00000000eab00000, 0x00000000ef000000, 0x0000000100000000)
  eden space 39936K, 0% used [0x00000000eab00000,0x00000000eab00000,0x00000000ed200000)
  from space 5632K, 99% used [0x00000000edf00000,0x00000000ee47bc88,0x00000000ee480000)
  to   space 13312K, 0% used [0x00000000ed200000,0x00000000ed200000,0x00000000edf00000)
 ParOldGen       total 325120K, used 321987K [0x00000000c0000000, 0x00000000d3d80000, 0x00000000eab00000)
  object space 325120K, 99% used [0x00000000c0000000,0x00000000d3a70ff0,0x00000000d3d80000)
 Metaspace       used 76289K, committed 77312K, reserved 1122304K
  class space    used 8734K, committed 9216K, reserved 1048576K
}
Event: 6172.534 GC heap before
{Heap before GC invocations=158 (full 12):
 PSYoungGen      total 45568K, used 5615K [0x00000000eab00000, 0x00000000ef000000, 0x0000000100000000)
  eden space 39936K, 0% used [0x00000000eab00000,0x00000000eab00000,0x00000000ed200000)
  from space 5632K, 99% used [0x00000000edf00000,0x00000000ee47bc88,0x00000000ee480000)
  to   space 13312K, 0% used [0x00000000ed200000,0x00000000ed200000,0x00000000edf00000)
 ParOldGen       total 325120K, used 321987K [0x00000000c0000000, 0x00000000d3d80000, 0x00000000eab00000)
  object space 325120K, 99% used [0x00000000c0000000,0x00000000d3a70ff0,0x00000000d3d80000)
 Metaspace       used 76289K, committed 77312K, reserved 1122304K
  class space    used 8734K, committed 9216K, reserved 1048576K
}

